<?xml version="1.0" encoding="UTF-8"?>
<!-- Generated by org.testng.reporters.JUnitReportReporter -->
<testsuite hostname="DESKTOP-8S455D7" failures="0" tests="1" name="com.crm.orgTest.OrganizationTest" time="0.015" errors="0" timestamp="2022-01-25T16:52:11 IST" skipped="0">
  <testcase classname="com.crm.orgTest.OrganizationTest" name="modifyOrgTest" time="0.015"/>
  <system-out/>
</testsuite> <!-- com.crm.orgTest.OrganizationTest -->
